<?xml version="1.0" encoding="UTF-8"?>
<testsuite name="brian.example.java.jdbc.BootExampleJpaLvl21ApplicationTests" tests="1" skipped="0" failures="0" errors="0" timestamp="2019-10-27T20:39:28" hostname="DESKTOP-9APOKAP" time="0.182">
  <properties/>
  <testcase name="contextLoads" classname="brian.example.java.jdbc.BootExampleJpaLvl21ApplicationTests" time="0.182"/>
  <system-out><![CDATA[16:39:27.540 [Test worker] DEBUG org.springframework.test.context.junit4.SpringJUnit4ClassRunner - SpringJUnit4ClassRunner constructor called with [class brian.example.java.jdbc.BootExampleJpaLvl21ApplicationTests]
16:39:27.546 [Test worker] DEBUG org.springframework.test.context.BootstrapUtils - Instantiating CacheAwareContextLoaderDelegate from class [org.springframework.test.context.cache.DefaultCacheAwareContextLoaderDelegate]
16:39:27.554 [Test worker] DEBUG org.springframework.test.context.BootstrapUtils - Instantiating BootstrapContext using constructor [public org.springframework.test.context.support.DefaultBootstrapContext(java.lang.Class,org.springframework.test.context.CacheAwareContextLoaderDelegate)]
16:39:27.570 [Test worker] DEBUG org.springframework.test.context.BootstrapUtils - Instantiating TestContextBootstrapper for test class [brian.example.java.jdbc.BootExampleJpaLvl21ApplicationTests] from class [org.springframework.boot.test.context.SpringBootTestContextBootstrapper]
16:39:27.581 [Test worker] INFO org.springframework.boot.test.context.SpringBootTestContextBootstrapper - Neither @ContextConfiguration nor @ContextHierarchy found for test class [brian.example.java.jdbc.BootExampleJpaLvl21ApplicationTests], using SpringBootContextLoader
16:39:27.584 [Test worker] DEBUG org.springframework.test.context.support.AbstractContextLoader - Did not detect default resource location for test class [brian.example.java.jdbc.BootExampleJpaLvl21ApplicationTests]: class path resource [brian/example/java/jdbc/BootExampleJpaLvl21ApplicationTests-context.xml] does not exist
16:39:27.584 [Test worker] DEBUG org.springframework.test.context.support.AbstractContextLoader - Did not detect default resource location for test class [brian.example.java.jdbc.BootExampleJpaLvl21ApplicationTests]: class path resource [brian/example/java/jdbc/BootExampleJpaLvl21ApplicationTestsContext.groovy] does not exist
16:39:27.584 [Test worker] INFO org.springframework.test.context.support.AbstractContextLoader - Could not detect default resource locations for test class [brian.example.java.jdbc.BootExampleJpaLvl21ApplicationTests]: no resource found for suffixes {-context.xml, Context.groovy}.
16:39:27.585 [Test worker] INFO org.springframework.test.context.support.AnnotationConfigContextLoaderUtils - Could not detect default configuration classes for test class [brian.example.java.jdbc.BootExampleJpaLvl21ApplicationTests]: BootExampleJpaLvl21ApplicationTests does not declare any static, non-private, non-final, nested classes annotated with @Configuration.
16:39:27.618 [Test worker] DEBUG org.springframework.test.context.support.ActiveProfilesUtils - Could not find an 'annotation declaring class' for annotation type [org.springframework.test.context.ActiveProfiles] and class [brian.example.java.jdbc.BootExampleJpaLvl21ApplicationTests]
16:39:27.678 [Test worker] DEBUG org.springframework.context.annotation.ClassPathScanningCandidateComponentProvider - Identified candidate component class: file [D:\workspaces\github-allthatjava\java-example-jdbc-example\build\classes\java\main\brian\example\java\jdbc\BootExampleJDBC.class]
16:39:27.680 [Test worker] INFO org.springframework.boot.test.context.SpringBootTestContextBootstrapper - Found @SpringBootConfiguration brian.example.java.jdbc.BootExampleJDBC for test class brian.example.java.jdbc.BootExampleJpaLvl21ApplicationTests
16:39:27.758 [Test worker] DEBUG org.springframework.boot.test.context.SpringBootTestContextBootstrapper - @TestExecutionListeners is not present for class [brian.example.java.jdbc.BootExampleJpaLvl21ApplicationTests]: using defaults.
16:39:27.758 [Test worker] INFO org.springframework.boot.test.context.SpringBootTestContextBootstrapper - Loaded default TestExecutionListener class names from location [META-INF/spring.factories]: [org.springframework.boot.test.autoconfigure.restdocs.RestDocsTestExecutionListener, org.springframework.boot.test.autoconfigure.web.client.MockRestServiceServerResetTestExecutionListener, org.springframework.boot.test.autoconfigure.web.servlet.MockMvcPrintOnlyOnFailureTestExecutionListener, org.springframework.boot.test.autoconfigure.web.servlet.WebDriverTestExecutionListener, org.springframework.boot.test.mock.mockito.MockitoTestExecutionListener, org.springframework.boot.test.mock.mockito.ResetMocksTestExecutionListener, org.springframework.test.context.web.ServletTestExecutionListener, org.springframework.test.context.support.DirtiesContextBeforeModesTestExecutionListener, org.springframework.test.context.support.DependencyInjectionTestExecutionListener, org.springframework.test.context.support.DirtiesContextTestExecutionListener, org.springframework.test.context.transaction.TransactionalTestExecutionListener, org.springframework.test.context.jdbc.SqlScriptsTestExecutionListener]
16:39:27.767 [Test worker] DEBUG org.springframework.boot.test.context.SpringBootTestContextBootstrapper - Skipping candidate TestExecutionListener [org.springframework.test.context.web.ServletTestExecutionListener] due to a missing dependency. Specify custom listener classes or make the default listener classes and their required dependencies available. Offending class: [javax/servlet/ServletContext]
16:39:27.768 [Test worker] DEBUG org.springframework.boot.test.context.SpringBootTestContextBootstrapper - Skipping candidate TestExecutionListener [org.springframework.test.context.transaction.TransactionalTestExecutionListener] due to a missing dependency. Specify custom listener classes or make the default listener classes and their required dependencies available. Offending class: [org/springframework/transaction/interceptor/TransactionAttributeSource]
16:39:27.769 [Test worker] DEBUG org.springframework.boot.test.context.SpringBootTestContextBootstrapper - Skipping candidate TestExecutionListener [org.springframework.test.context.jdbc.SqlScriptsTestExecutionListener] due to a missing dependency. Specify custom listener classes or make the default listener classes and their required dependencies available. Offending class: [org/springframework/transaction/interceptor/TransactionAttribute]
16:39:27.769 [Test worker] INFO org.springframework.boot.test.context.SpringBootTestContextBootstrapper - Using TestExecutionListeners: [org.springframework.test.context.support.DirtiesContextBeforeModesTestExecutionListener@72e5b36b, org.springframework.boot.test.mock.mockito.MockitoTestExecutionListener@fa47c91, org.springframework.boot.test.autoconfigure.SpringBootDependencyInjectionTestExecutionListener@33dd8f62, org.springframework.test.context.support.DirtiesContextTestExecutionListener@53fecf47, org.springframework.boot.test.autoconfigure.restdocs.RestDocsTestExecutionListener@cdf50b8, org.springframework.boot.test.autoconfigure.web.client.MockRestServiceServerResetTestExecutionListener@2033e546, org.springframework.boot.test.autoconfigure.web.servlet.MockMvcPrintOnlyOnFailureTestExecutionListener@7f4ac8bd, org.springframework.boot.test.autoconfigure.web.servlet.WebDriverTestExecutionListener@5a6bb4e4, org.springframework.boot.test.mock.mockito.ResetMocksTestExecutionListener@2cc76581]
16:39:27.771 [Test worker] DEBUG org.springframework.test.annotation.ProfileValueUtils - Retrieved @ProfileValueSourceConfiguration [null] for test class [brian.example.java.jdbc.BootExampleJpaLvl21ApplicationTests]
16:39:27.772 [Test worker] DEBUG org.springframework.test.annotation.ProfileValueUtils - Retrieved ProfileValueSource type [class org.springframework.test.annotation.SystemProfileValueSource] for class [brian.example.java.jdbc.BootExampleJpaLvl21ApplicationTests]
16:39:27.772 [Test worker] DEBUG org.springframework.test.annotation.ProfileValueUtils - Retrieved @ProfileValueSourceConfiguration [null] for test class [brian.example.java.jdbc.BootExampleJpaLvl21ApplicationTests]
16:39:27.772 [Test worker] DEBUG org.springframework.test.annotation.ProfileValueUtils - Retrieved ProfileValueSource type [class org.springframework.test.annotation.SystemProfileValueSource] for class [brian.example.java.jdbc.BootExampleJpaLvl21ApplicationTests]
16:39:27.777 [Test worker] DEBUG org.springframework.test.context.support.AbstractDirtiesContextTestExecutionListener - Before test class: context [DefaultTestContext@5d1bcaaa testClass = BootExampleJpaLvl21ApplicationTests, testInstance = [null], testMethod = [null], testException = [null], mergedContextConfiguration = [MergedContextConfiguration@313fbb1b testClass = BootExampleJpaLvl21ApplicationTests, locations = '{}', classes = '{class brian.example.java.jdbc.BootExampleJDBC}', contextInitializerClasses = '[]', activeProfiles = '{}', propertySourceLocations = '{}', propertySourceProperties = '{org.springframework.boot.test.context.SpringBootTestContextBootstrapper=true}', contextCustomizers = set[org.springframework.boot.test.autoconfigure.properties.PropertyMappingContextCustomizer@0, org.springframework.boot.test.autoconfigure.web.servlet.WebDriverContextCustomizerFactory$Customizer@1871f3e2, org.springframework.boot.test.context.filter.ExcludeFilterContextCustomizer@5c1506c9, org.springframework.boot.test.json.DuplicateJsonObjectContextCustomizerFactory$DuplicateJsonObjectContextCustomizer@978af31, org.springframework.boot.test.mock.mockito.MockitoContextCustomizer@0, org.springframework.boot.test.web.client.TestRestTemplateContextCustomizer@913f90], contextLoader = 'org.springframework.boot.test.context.SpringBootContextLoader', parent = [null]], attributes = map[[empty]]], class annotated with @DirtiesContext [false] with mode [null].
16:39:27.778 [Test worker] DEBUG org.springframework.test.annotation.ProfileValueUtils - Retrieved @ProfileValueSourceConfiguration [null] for test class [brian.example.java.jdbc.BootExampleJpaLvl21ApplicationTests]
16:39:27.778 [Test worker] DEBUG org.springframework.test.annotation.ProfileValueUtils - Retrieved ProfileValueSource type [class org.springframework.test.annotation.SystemProfileValueSource] for class [brian.example.java.jdbc.BootExampleJpaLvl21ApplicationTests]
16:39:27.781 [Test worker] DEBUG org.springframework.test.context.support.DependencyInjectionTestExecutionListener - Performing dependency injection for test context [[DefaultTestContext@5d1bcaaa testClass = BootExampleJpaLvl21ApplicationTests, testInstance = brian.example.java.jdbc.BootExampleJpaLvl21ApplicationTests@1f4873c4, testMethod = [null], testException = [null], mergedContextConfiguration = [MergedContextConfiguration@313fbb1b testClass = BootExampleJpaLvl21ApplicationTests, locations = '{}', classes = '{class brian.example.java.jdbc.BootExampleJDBC}', contextInitializerClasses = '[]', activeProfiles = '{}', propertySourceLocations = '{}', propertySourceProperties = '{org.springframework.boot.test.context.SpringBootTestContextBootstrapper=true}', contextCustomizers = set[org.springframework.boot.test.autoconfigure.properties.PropertyMappingContextCustomizer@0, org.springframework.boot.test.autoconfigure.web.servlet.WebDriverContextCustomizerFactory$Customizer@1871f3e2, org.springframework.boot.test.context.filter.ExcludeFilterContextCustomizer@5c1506c9, org.springframework.boot.test.json.DuplicateJsonObjectContextCustomizerFactory$DuplicateJsonObjectContextCustomizer@978af31, org.springframework.boot.test.mock.mockito.MockitoContextCustomizer@0, org.springframework.boot.test.web.client.TestRestTemplateContextCustomizer@913f90], contextLoader = 'org.springframework.boot.test.context.SpringBootContextLoader', parent = [null]], attributes = map[[empty]]]].
16:39:27.798 [Test worker] DEBUG org.springframework.test.context.support.TestPropertySourceUtils - Adding inlined properties to environment: {spring.jmx.enabled=false, org.springframework.boot.test.context.SpringBootTestContextBootstrapper=true, server.port=-1}

  .   ____          _            __ _ _
 /\\ / ___'_ __ _ _(_)_ __  __ _ \ \ \ \
( ( )\___ | '_ | '_| | '_ \/ _` | \ \ \ \
 \\/  ___)| |_)| | | | | || (_| |  ) ) ) )
  '  |____| .__|_| |_|_| |_\__, | / / / /
 =========|_|==============|___/=/_/_/_/
 :: Spring Boot ::        (v2.1.8.RELEASE)

2019-10-27 16:39:27.982  INFO 11948 --- [    Test worker] .j.j.BootExampleJpaLvl21ApplicationTests : Starting BootExampleJpaLvl21ApplicationTests on DESKTOP-9APOKAP with PID 11948 (started by allth in D:\workspaces\github-allthatjava\java-example-jdbc-example)
2019-10-27 16:39:27.983  INFO 11948 --- [    Test worker] .j.j.BootExampleJpaLvl21ApplicationTests : No active profile set, falling back to default profiles: default
2019-10-27 16:39:28.348  INFO 11948 --- [    Test worker] .j.j.BootExampleJpaLvl21ApplicationTests : Started BootExampleJpaLvl21ApplicationTests in 0.549 seconds (JVM running for 1.502)
]]></system-out>
  <system-err><![CDATA[]]></system-err>
</testsuite>
